<?xml version="1.0" encoding="UTF-8"?>
<!-- Generated by org.testng.reporters.JUnitReportReporter -->
<testsuite hostname="DESKTOP-EU216N6" failures="0" tests="2" name="org.example.TestNGTest" time="5.662" errors="0" timestamp="2022-09-26T16:47:32 ICT" skipped="0">
  <testcase classname="org.example.TestNGTest" name="Test01" time="3.192"/>
  <system-out/>
  <testcase classname="org.example.TestNGTest" name="Test02" time="2.470"/>
  <system-out/>
</testsuite> <!-- org.example.TestNGTest -->
